<?xml version="1.0" encoding="UTF-8"?>
<!-- Generated by org.testng.reporters.JUnitReportReporter -->
<testsuite hostname="LAPTOP-3196GK6U" failures="0" tests="1" name="com.Amazon.TestScripts.TestCase4" time="5.970" errors="0" timestamp="2023-12-30T17:21:47 IST" skipped="0">
  <testcase classname="com.Amazon.TestScripts.TestCase4" name="TC4" time="5.970"/>
  <system-out/>
</testsuite> <!-- com.Amazon.TestScripts.TestCase4 -->
