<?xml version="1.0" encoding="UTF-8"?>
<!-- Generated by org.testng.reporters.JUnitReportReporter -->
<testsuite hostname="LAPTOP-3196GK6U" failures="0" tests="1" name="com.Amazon.TestScripts.DefectTestCase" time="44.383" errors="0" timestamp="2023-12-30T17:21:47 IST" skipped="0">
  <testcase classname="com.Amazon.TestScripts.DefectTestCase" name="defect" time="44.383"/>
  <system-out/>
</testsuite> <!-- com.Amazon.TestScripts.DefectTestCase -->
