<?xml version="1.0" encoding="UTF-8"?>
<!-- Generated by org.testng.reporters.JUnitReportReporter -->
<testsuite hostname="LAPTOP-3196GK6U" failures="0" tests="1" name="com.Amazon.TestScripts.TestCase9" time="7.084" errors="0" timestamp="2023-12-30T17:21:47 IST" skipped="0">
  <testcase classname="com.Amazon.TestScripts.TestCase9" name="TC9" time="7.084"/>
  <system-out/>
</testsuite> <!-- com.Amazon.TestScripts.TestCase9 -->
